<?xml version="1.0" encoding="UTF-8"?>
<testng-results skipped="0" failed="1" ignored="0" total="2" passed="1">
  <reporter-output>
  </reporter-output>
  <suite name="Default suite" duration-ms="27149" started-at="2019-04-08T15:21:05Z" finished-at="2019-04-08T15:21:32Z">
    <groups>
    </groups>
    <test name="Default test" duration-ms="27149" started-at="2019-04-08T15:21:05Z" finished-at="2019-04-08T15:21:32Z">
      <class name="testingauto.Tests">
        <test-method status="PASS" signature="setUpTest()[pri:0, instance:testingauto.Tests@6d4b1c02]" name="setUpTest" is-config="true" duration-ms="5158" started-at="2019-04-08T15:21:05Z" finished-at="2019-04-08T15:21:10Z">
          <reporter-output>
          </reporter-output>
        </test-method> <!-- setUpTest -->
        <test-method status="FAIL" signature="compareTwoFlights()[pri:0, instance:testingauto.Tests@6d4b1c02]" name="compareTwoFlights" duration-ms="9984" started-at="2019-04-08T15:21:10Z" finished-at="2019-04-08T15:21:20Z">
          <exception class="java.lang.AssertionError">
            <message>
              <![CDATA[Expected: Different table Values. Found: 0% and 0% differences in Table Departure and Returns expected [true] but found [false]]]>
            </message>
            <full-stacktrace>
              <![CDATA[java.lang.AssertionError: Expected: Different table Values. Found: 0% and 0% differences in Table Departure and Returns expected [true] but found [false]
at org.testng.Assert.fail(Assert.java:96)
at org.testng.Assert.failNotEquals(Assert.java:776)
at org.testng.Assert.assertTrue(Assert.java:44)
at testingauto.Tests.compareTwoFlights(Tests.java:167)
at sun.reflect.NativeMethodAccessorImpl.invoke0(Native Method)
at sun.reflect.NativeMethodAccessorImpl.invoke(NativeMethodAccessorImpl.java:62)
at sun.reflect.DelegatingMethodAccessorImpl.invoke(DelegatingMethodAccessorImpl.java:43)
at java.lang.reflect.Method.invoke(Method.java:498)
at org.testng.internal.MethodInvocationHelper.invokeMethod(MethodInvocationHelper.java:124)
at org.testng.internal.Invoker.invokeMethod(Invoker.java:583)
at org.testng.internal.Invoker.invokeTestMethod(Invoker.java:719)
at org.testng.internal.Invoker.invokeTestMethods(Invoker.java:989)
at org.testng.internal.TestMethodWorker.invokeTestMethods(TestMethodWorker.java:125)
at org.testng.internal.TestMethodWorker.run(TestMethodWorker.java:109)
at org.testng.TestRunner.privateRun(TestRunner.java:648)
at org.testng.TestRunner.run(TestRunner.java:505)
at org.testng.SuiteRunner.runTest(SuiteRunner.java:455)
at org.testng.SuiteRunner.runSequentially(SuiteRunner.java:450)
at org.testng.SuiteRunner.privateRun(SuiteRunner.java:415)
at org.testng.SuiteRunner.run(SuiteRunner.java:364)
at org.testng.SuiteRunnerWorker.runSuite(SuiteRunnerWorker.java:52)
at org.testng.SuiteRunnerWorker.run(SuiteRunnerWorker.java:84)
at org.testng.TestNG.runSuitesSequentially(TestNG.java:1208)
at org.testng.TestNG.runSuitesLocally(TestNG.java:1137)
at org.testng.TestNG.runSuites(TestNG.java:1049)
at org.testng.TestNG.run(TestNG.java:1017)
at org.testng.remote.AbstractRemoteTestNG.run(AbstractRemoteTestNG.java:115)
at org.testng.remote.RemoteTestNG.initAndRun(RemoteTestNG.java:251)
at org.testng.remote.RemoteTestNG.main(RemoteTestNG.java:77)
]]>
            </full-stacktrace>
          </exception> <!-- java.lang.AssertionError -->
          <reporter-output>
          </reporter-output>
        </test-method> <!-- compareTwoFlights -->
        <test-method status="PASS" signature="tearDown(org.testng.ITestResult)[pri:0, instance:testingauto.Tests@6d4b1c02]" name="tearDown" is-config="true" duration-ms="1012" started-at="2019-04-08T15:21:20Z" finished-at="2019-04-08T15:21:21Z">
          <params>
            <param index="0">
              <value>
                <![CDATA[[TestResult name=compareTwoFlights status=FAILURE method=Tests.compareTwoFlights()[pri:0, instance:testingauto.Tests@6d4b1c02] output={null}]]]>
              </value>
            </param>
          </params>
          <reporter-output>
          </reporter-output>
        </test-method> <!-- tearDown -->
        <test-method status="PASS" signature="setUpTest()[pri:0, instance:testingauto.Tests@6d4b1c02]" name="setUpTest" is-config="true" duration-ms="3884" started-at="2019-04-08T15:21:21Z" finished-at="2019-04-08T15:21:25Z">
          <reporter-output>
          </reporter-output>
        </test-method> <!-- setUpTest -->
        <test-method status="PASS" signature="reserveDefaultFlightTest()[pri:0, instance:testingauto.Tests@6d4b1c02]" name="reserveDefaultFlightTest" duration-ms="6495" started-at="2019-04-08T15:21:25Z" finished-at="2019-04-08T15:21:31Z">
          <reporter-output>
          </reporter-output>
        </test-method> <!-- reserveDefaultFlightTest -->
        <test-method status="PASS" signature="tearDown(org.testng.ITestResult)[pri:0, instance:testingauto.Tests@6d4b1c02]" name="tearDown" is-config="true" duration-ms="566" started-at="2019-04-08T15:21:31Z" finished-at="2019-04-08T15:21:32Z">
          <params>
            <param index="0">
              <value>
                <![CDATA[[TestResult name=reserveDefaultFlightTest status=SUCCESS method=Tests.reserveDefaultFlightTest()[pri:0, instance:testingauto.Tests@6d4b1c02] output={null}]]]>
              </value>
            </param>
          </params>
          <reporter-output>
          </reporter-output>
        </test-method> <!-- tearDown -->
      </class> <!-- testingauto.Tests -->
    </test> <!-- Default test -->
  </suite> <!-- Default suite -->
</testng-results>
